This is pdfTeX, Version 3.141592653-2.6-1.40.26 (TeX Live 2024) (preloaded format=pdflatex 2024.4.16)  11 FEB 2025 14:37
entering extended mode
 restricted \write18 enabled.
 file:line:error style messages enabled.
 %&-line parsing enabled.
**c:/Users/maguillot/APartager/LaFac/Thèse/Manuscript/theseGUILLOT.tex
(c:/Users/maguillot/APartager/LaFac/Thèse/Manuscript/theseGUILLOT.tex
LaTeX2e <2023-11-01> patch level 1
L3 programming layer <2024-03-14>
(c:/texlive/2024/texmf-dist/tex/latex/base/report.cls
Document Class: report 2023/05/17 v1.4n Standard LaTeX document class
(c:/texlive/2024/texmf-dist/tex/latex/base/size12.clo
File: size12.clo 2023/05/17 v1.4n Standard LaTeX file (size option)
)
\c@part=\count188
\c@chapter=\count189
\c@section=\count190
\c@subsection=\count191
\c@subsubsection=\count192
\c@paragraph=\count193
\c@subparagraph=\count194
\c@figure=\count195
\c@table=\count196
\abovecaptionskip=\skip48
\belowcaptionskip=\skip49
\bibindent=\dimen140
) (c:/texlive/2024/texmf-dist/tex/latex/geometry/geometry.sty
Package: geometry 2020/01/02 v5.9 Page Geometry
 (c:/texlive/2024/texmf-dist/tex/latex/graphics/keyval.sty
Package: keyval 2022/05/29 v1.15 key=value parser (DPC)
\KV@toks@=\toks17
) (c:/texlive/2024/texmf-dist/tex/generic/iftex/ifvtex.sty
Package: ifvtex 2019/10/25 v1.7 ifvtex legacy package. Use iftex instead.
 (c:/texlive/2024/texmf-dist/tex/generic/iftex/iftex.sty
Package: iftex 2022/02/03 v1.0f TeX engine tests
))
\Gm@cnth=\count197
\Gm@cntv=\count198
\c@Gm@tempcnt=\count199
\Gm@bindingoffset=\dimen141
\Gm@wd@mp=\dimen142
\Gm@odd@mp=\dimen143
\Gm@even@mp=\dimen144
\Gm@layoutwidth=\dimen145
\Gm@layoutheight=\dimen146
\Gm@layouthoffset=\dimen147
\Gm@layoutvoffset=\dimen148
\Gm@dimlist=\toks18
) (c:/texlive/2024/texmf-dist/tex/latex/base/fontenc.sty
Package: fontenc 2021/04/29 v2.0v Standard LaTeX package
) (c:/texlive/2024/texmf-dist/tex/latex/base/inputenc.sty
Package: inputenc 2021/02/14 v1.3d Input encoding file
\inpenc@prehook=\toks19
\inpenc@posthook=\toks20
) (c:/texlive/2024/texmf-dist/tex/latex/graphics/graphicx.sty
Package: graphicx 2021/09/16 v1.2d Enhanced LaTeX Graphics (DPC,SPQR)
 (c:/texlive/2024/texmf-dist/tex/latex/graphics/graphics.sty
Package: graphics 2022/03/10 v1.4e Standard LaTeX Graphics (DPC,SPQR)
 (c:/texlive/2024/texmf-dist/tex/latex/graphics/trig.sty
Package: trig 2021/08/11 v1.11 sin cos tan (DPC)
) (c:/texlive/2024/texmf-dist/tex/latex/graphics-cfg/graphics.cfg
File: graphics.cfg 2016/06/04 v1.11 sample graphics configuration
)
Package graphics Info: Driver file: pdftex.def on input line 107.
 (c:/texlive/2024/texmf-dist/tex/latex/graphics-def/pdftex.def
File: pdftex.def 2022/09/22 v1.2b Graphics/color driver for pdftex
))
\Gin@req@height=\dimen149
\Gin@req@width=\dimen150
) (c:/texlive/2024/texmf-dist/tex/latex/setspace/setspace.sty
Package: setspace 2022/12/04 v6.7b set line spacing
) (c:/texlive/2024/texmf-dist/tex/latex/base/fontenc.sty
Package: fontenc 2021/04/29 v2.0v Standard LaTeX package
LaTeX Font Info:    Trying to load font information for T1+phv on input line 112.
 (c:/texlive/2024/texmf-dist/tex/latex/psnfss/t1phv.fd
File: t1phv.fd 2020/03/25 scalable font definitions for T1/phv.
)) (c:/texlive/2024/texmf-dist/tex/latex/lm/lmodern.sty
Package: lmodern 2015/05/01 v1.6.1 Latin Modern Fonts
LaTeX Font Info:    Overwriting symbol font `operators' in version `normal'
(Font)                  OT1/cmr/m/n --> OT1/lmr/m/n on input line 22.
LaTeX Font Info:    Overwriting symbol font `letters' in version `normal'
(Font)                  OML/cmm/m/it --> OML/lmm/m/it on input line 23.
LaTeX Font Info:    Overwriting symbol font `symbols' in version `normal'
(Font)                  OMS/cmsy/m/n --> OMS/lmsy/m/n on input line 24.
LaTeX Font Info:    Overwriting symbol font `largesymbols' in version `normal'
(Font)                  OMX/cmex/m/n --> OMX/lmex/m/n on input line 25.
LaTeX Font Info:    Overwriting symbol font `operators' in version `bold'
(Font)                  OT1/cmr/bx/n --> OT1/lmr/bx/n on input line 26.
LaTeX Font Info:    Overwriting symbol font `letters' in version `bold'
(Font)                  OML/cmm/b/it --> OML/lmm/b/it on input line 27.
LaTeX Font Info:    Overwriting symbol font `symbols' in version `bold'
(Font)                  OMS/cmsy/b/n --> OMS/lmsy/b/n on input line 28.
LaTeX Font Info:    Overwriting symbol font `largesymbols' in version `bold'
(Font)                  OMX/cmex/m/n --> OMX/lmex/m/n on input line 29.
LaTeX Font Info:    Overwriting math alphabet `\mathbf' in version `normal'
(Font)                  OT1/cmr/bx/n --> OT1/lmr/bx/n on input line 31.
LaTeX Font Info:    Overwriting math alphabet `\mathsf' in version `normal'
(Font)                  OT1/cmss/m/n --> OT1/lmss/m/n on input line 32.
LaTeX Font Info:    Overwriting math alphabet `\mathit' in version `normal'
(Font)                  OT1/cmr/m/it --> OT1/lmr/m/it on input line 33.
LaTeX Font Info:    Overwriting math alphabet `\mathtt' in version `normal'
(Font)                  OT1/cmtt/m/n --> OT1/lmtt/m/n on input line 34.
LaTeX Font Info:    Overwriting math alphabet `\mathbf' in version `bold'
(Font)                  OT1/cmr/bx/n --> OT1/lmr/bx/n on input line 35.
LaTeX Font Info:    Overwriting math alphabet `\mathsf' in version `bold'
(Font)                  OT1/cmss/bx/n --> OT1/lmss/bx/n on input line 36.
LaTeX Font Info:    Overwriting math alphabet `\mathit' in version `bold'
(Font)                  OT1/cmr/bx/it --> OT1/lmr/bx/it on input line 37.
LaTeX Font Info:    Overwriting math alphabet `\mathtt' in version `bold'
(Font)                  OT1/cmtt/m/n --> OT1/lmtt/m/n on input line 38.
) (c:/texlive/2024/texmf-dist/tex/latex/tools/multicol.sty
Package: multicol 2023/03/30 v1.9f multicolumn formatting (FMi)
\c@tracingmulticols=\count266
\mult@box=\box51
\multicol@leftmargin=\dimen151
\c@unbalance=\count267
\c@collectmore=\count268
\doublecol@number=\count269
\multicoltolerance=\count270
\multicolpretolerance=\count271
\full@width=\dimen152
\page@free=\dimen153
\premulticols=\dimen154
\postmulticols=\dimen155
\multicolsep=\skip50
\multicolbaselineskip=\skip51
\partial@page=\box52
\last@line=\box53
\mc@boxedresult=\box54
\maxbalancingoverflow=\dimen156
\mult@rightbox=\box55
\mult@grightbox=\box56
\mult@firstbox=\box57
\mult@gfirstbox=\box58
\@tempa=\box59
\@tempa=\box60
\@tempa=\box61
\@tempa=\box62
\@tempa=\box63
\@tempa=\box64
\@tempa=\box65
\@tempa=\box66
\@tempa=\box67
\@tempa=\box68
\@tempa=\box69
\@tempa=\box70
\@tempa=\box71
\@tempa=\box72
\@tempa=\box73
\@tempa=\box74
\@tempa=\box75
\@tempa=\box76
\@tempa=\box77
\@tempa=\box78
\@tempa=\box79
\@tempa=\box80
\@tempa=\box81
\@tempa=\box82
\@tempa=\box83
\@tempa=\box84
\@tempa=\box85
\@tempa=\box86
\@tempa=\box87
\@tempa=\box88
\@tempa=\box89
\@tempa=\box90
\@tempa=\box91
\@tempa=\box92
\@tempa=\box93
\@tempa=\box94
\c@minrows=\count272
\c@columnbadness=\count273
\c@finalcolumnbadness=\count274
\last@try=\dimen157
\multicolovershoot=\dimen158
\multicolundershoot=\dimen159
\mult@nat@firstbox=\box95
\colbreak@box=\box96
\mc@col@check@num=\count275
) (c:/texlive/2024/texmf-dist/tex/latex/lipsum/lipsum.sty (c:/texlive/2024/texmf-dist/tex/latex/l3packages/l3keys2e/l3keys2e.sty (c:/texlive/2024/texmf-dist/tex/latex/l3kernel/expl3.sty
Package: expl3 2024-03-14 L3 programming layer (loader) 
 (c:/texlive/2024/texmf-dist/tex/latex/l3backend/l3backend-pdftex.def
File: l3backend-pdftex.def 2024-03-14 L3 backend support: PDF output (pdfTeX)
\l__color_backend_stack_int=\count276
\l__pdf_internal_box=\box97
))
Package: l3keys2e 2024-03-14 LaTeX2e option processing using LaTeX3 keys
)
Package: lipsum 2021-09-20 v2.7 150 paragraphs of Lorem Ipsum dummy text
\g__lipsum_par_int=\count277
\l__lipsum_a_int=\count278
\l__lipsum_b_int=\count279
 (c:/texlive/2024/texmf-dist/tex/latex/lipsum/lipsum.ltd.tex)) (c:/texlive/2024/texmf-dist/tex/latex/float/float.sty
Package: float 2001/11/08 v1.3d Float enhancements (AL)
\c@float@type=\count280
\float@exts=\toks21
\float@box=\box98
\@float@everytoks=\toks22
\@floatcapt=\box99
) (c:/texlive/2024/texmf-dist/tex/latex/vwcol/vwcol.sty
Package: vwcol 2015/02/10 v0.2 Variable-width multicolumn text
 (c:/texlive/2024/texmf-dist/tex/latex/tools/calc.sty
Package: calc 2023/07/08 v4.3 Infix arithmetic (KKT,FJ)
\calc@Acount=\count281
\calc@Bcount=\count282
\calc@Adimen=\dimen160
\calc@Bdimen=\dimen161
\calc@Askip=\skip52
\calc@Bskip=\skip53
LaTeX Info: Redefining \setlength on input line 80.
LaTeX Info: Redefining \addtolength on input line 81.
\calc@Ccount=\count283
\calc@Cskip=\skip54
) (c:/texlive/2024/texmf-dist/tex/latex/graphics/color.sty
Package: color 2022/01/06 v1.3d Standard LaTeX Color (DPC)
 (c:/texlive/2024/texmf-dist/tex/latex/graphics-cfg/color.cfg
File: color.cfg 2016/01/02 v1.6 sample color configuration
)
Package color Info: Driver file: pdftex.def on input line 149.
 (c:/texlive/2024/texmf-dist/tex/latex/graphics/mathcolor.ltx)) (c:/texlive/2024/texmf-dist/tex/latex/environ/environ.sty
Package: environ 2014/05/04 v0.3 A new way to define environments
 (c:/texlive/2024/texmf-dist/tex/latex/trimspaces/trimspaces.sty
Package: trimspaces 2009/09/17 v1.1 Trim spaces around a token list
)
\@envbody=\toks23
) (c:/texlive/2024/texmf-dist/tex/latex/ragged2e/ragged2e.sty
Package: ragged2e 2023/06/22 v3.6 ragged2e Package
\CenteringLeftskip=\skip55
\RaggedLeftLeftskip=\skip56
\RaggedRightLeftskip=\skip57
\CenteringRightskip=\skip58
\RaggedLeftRightskip=\skip59
\RaggedRightRightskip=\skip60
\CenteringParfillskip=\skip61
\RaggedLeftParfillskip=\skip62
\RaggedRightParfillskip=\skip63
\JustifyingParfillskip=\skip64
\CenteringParindent=\skip65
\RaggedLeftParindent=\skip66
\RaggedRightParindent=\skip67
\JustifyingParindent=\skip68
)
\vwcol@sep=\skip69
\vwcol@rule=\skip70
\vwcol@totalwidth=\skip71
\vwcol@averagewidth=\skip72
\vwcol@parindent=\skip73
\vwcol@last=\count284
\vwcol@Ncols=\count285
\vwcol@Nlines=\count286
\vwcol@maxrecursion=\count287
\vwcol@box=\box100
\vwcol@plainbox=\box101
\vwcol@outputbox=\box102
) (c:/texlive/2024/texmf-dist/tex/latex/caption/caption.sty
Package: caption 2023/08/05 v3.6o Customizing captions (AR)
 (c:/texlive/2024/texmf-dist/tex/latex/caption/caption3.sty
Package: caption3 2023/07/31 v2.4d caption3 kernel (AR)
\caption@tempdima=\dimen162
\captionmargin=\dimen163
\caption@leftmargin=\dimen164
\caption@rightmargin=\dimen165
\caption@width=\dimen166
\caption@indent=\dimen167
\caption@parindent=\dimen168
\caption@hangindent=\dimen169
Package caption Info: Standard document class detected.
)
\c@caption@flags=\count288
\c@continuedfloat=\count289
Package caption Info: float package is loaded.
) (c:/texlive/2024/texmf-dist/tex/latex/framed/framed.sty
Package: framed 2011/10/22 v 0.96: framed or shaded text with page breaks
\OuterFrameSep=\skip74
\fb@frw=\dimen170
\fb@frh=\dimen171
\FrameRule=\dimen172
\FrameSep=\dimen173
) (c:/texlive/2024/texmf-dist/tex/latex/pdflscape/pdflscape.sty
Package: pdflscape 2022-10-27 v0.13 Display of landscape pages in PDF
 (c:/texlive/2024/texmf-dist/tex/latex/pdflscape/pdflscape-nometadata.sty
Package: pdflscape-nometadata 2022-10-28 v0.13 Display of landscape pages in PDF (HO)
 (c:/texlive/2024/texmf-dist/tex/latex/graphics/lscape.sty
Package: lscape 2020/05/28 v3.02 Landscape Pages (DPC)
)
Package pdflscape Info: Auto-detected driver: pdftex on input line 81.
)) (c:/texlive/2024/texmf-dist/tex/latex/eurosym/eurosym.sty
Package: eurosym 1998/08/06 v1.1 European currency symbol ``Euro''
\@eurobox=\box103
) (c:/texlive/2024/texmf-dist/tex/latex/xcolor/xcolor.sty
Package: xcolor 2023/11/15 v3.01 LaTeX color extensions (UK)
 (c:/texlive/2024/texmf-dist/tex/latex/graphics-cfg/color.cfg
File: color.cfg 2016/01/02 v1.6 sample color configuration
)
Package xcolor Info: Driver file: pdftex.def on input line 274.
LaTeX Info: Redefining \color on input line 758.
 (c:/texlive/2024/texmf-dist/tex/latex/graphics/mathcolor.ltx)
Package xcolor Info: Model `cmy' substituted by `cmy0' on input line 1350.
Package xcolor Info: Model `hsb' substituted by `rgb' on input line 1354.
Package xcolor Info: Model `RGB' extended on input line 1366.
Package xcolor Info: Model `HTML' substituted by `rgb' on input line 1368.
Package xcolor Info: Model `Hsb' substituted by `hsb' on input line 1369.
Package xcolor Info: Model `tHsb' substituted by `hsb' on input line 1370.
Package xcolor Info: Model `HSB' substituted by `hsb' on input line 1371.
Package xcolor Info: Model `Gray' substituted by `gray' on input line 1372.
Package xcolor Info: Model `wave' substituted by `hsb' on input line 1373.
) (c:/texlive/2024/texmf-dist/tex/latex/amsmath/amsmath.sty
Package: amsmath 2023/05/13 v2.17o AMS math features
\@mathmargin=\skip75

For additional information on amsmath, use the `?' option.
(c:/texlive/2024/texmf-dist/tex/latex/amsmath/amstext.sty
Package: amstext 2021/08/26 v2.01 AMS text
 (c:/texlive/2024/texmf-dist/tex/latex/amsmath/amsgen.sty
File: amsgen.sty 1999/11/30 v2.0 generic functions
\@emptytoks=\toks24
\ex@=\dimen174
)) (c:/texlive/2024/texmf-dist/tex/latex/amsmath/amsbsy.sty
Package: amsbsy 1999/11/29 v1.2d Bold Symbols
\pmbraise@=\dimen175
) (c:/texlive/2024/texmf-dist/tex/latex/amsmath/amsopn.sty
Package: amsopn 2022/04/08 v2.04 operator names
)
\inf@bad=\count290
LaTeX Info: Redefining \frac on input line 234.
\uproot@=\count291
\leftroot@=\count292
LaTeX Info: Redefining \overline on input line 399.
LaTeX Info: Redefining \colon on input line 410.
\classnum@=\count293
\DOTSCASE@=\count294
LaTeX Info: Redefining \ldots on input line 496.
LaTeX Info: Redefining \dots on input line 499.
LaTeX Info: Redefining \cdots on input line 620.
\Mathstrutbox@=\box104
\strutbox@=\box105
LaTeX Info: Redefining \big on input line 722.
LaTeX Info: Redefining \Big on input line 723.
LaTeX Info: Redefining \bigg on input line 724.
LaTeX Info: Redefining \Bigg on input line 725.
\big@size=\dimen176
LaTeX Font Info:    Redeclaring font encoding OML on input line 743.
LaTeX Font Info:    Redeclaring font encoding OMS on input line 744.
\macc@depth=\count295
LaTeX Info: Redefining \bmod on input line 905.
LaTeX Info: Redefining \pmod on input line 910.
LaTeX Info: Redefining \smash on input line 940.
LaTeX Info: Redefining \relbar on input line 970.
LaTeX Info: Redefining \Relbar on input line 971.
\c@MaxMatrixCols=\count296
\dotsspace@=\muskip16
\c@parentequation=\count297
\dspbrk@lvl=\count298
\tag@help=\toks25
\row@=\count299
\column@=\count300
\maxfields@=\count301
\andhelp@=\toks26
\eqnshift@=\dimen177
\alignsep@=\dimen178
\tagshift@=\dimen179
\tagwidth@=\dimen180
\totwidth@=\dimen181
\lineht@=\dimen182
\@envbody=\toks27
\multlinegap=\skip76
\multlinetaggap=\skip77
\mathdisplay@stack=\toks28
LaTeX Info: Redefining \[ on input line 2953.
LaTeX Info: Redefining \] on input line 2954.
) (c:/texlive/2024/texmf-dist/tex/latex/amsfonts/amssymb.sty
Package: amssymb 2013/01/14 v3.01 AMS font symbols
 (c:/texlive/2024/texmf-dist/tex/latex/amsfonts/amsfonts.sty
Package: amsfonts 2013/01/14 v3.01 Basic AMSFonts support
\symAMSa=\mathgroup4
\symAMSb=\mathgroup5
LaTeX Font Info:    Redeclaring math symbol \hbar on input line 98.
LaTeX Font Info:    Overwriting math alphabet `\mathfrak' in version `bold'
(Font)                  U/euf/m/n --> U/euf/b/n on input line 106.
)) (c:/texlive/2024/texmf-dist/tex/latex/hyperref/hyperref.sty
Package: hyperref 2024-01-20 v7.01h Hypertext links for LaTeX
 (c:/texlive/2024/texmf-dist/tex/latex/kvsetkeys/kvsetkeys.sty
Package: kvsetkeys 2022-10-05 v1.19 Key value parser (HO)
) (c:/texlive/2024/texmf-dist/tex/generic/kvdefinekeys/kvdefinekeys.sty
Package: kvdefinekeys 2019-12-19 v1.6 Define keys (HO)
) (c:/texlive/2024/texmf-dist/tex/generic/pdfescape/pdfescape.sty
Package: pdfescape 2019/12/09 v1.15 Implements pdfTeX's escape features (HO)
 (c:/texlive/2024/texmf-dist/tex/generic/ltxcmds/ltxcmds.sty
Package: ltxcmds 2023-12-04 v1.26 LaTeX kernel commands for general use (HO)
) (c:/texlive/2024/texmf-dist/tex/generic/pdftexcmds/pdftexcmds.sty
Package: pdftexcmds 2020-06-27 v0.33 Utility functions of pdfTeX for LuaTeX (HO)
 (c:/texlive/2024/texmf-dist/tex/generic/infwarerr/infwarerr.sty
Package: infwarerr 2019/12/03 v1.5 Providing info/warning/error messages (HO)
)
Package pdftexcmds Info: \pdf@primitive is available.
Package pdftexcmds Info: \pdf@ifprimitive is available.
Package pdftexcmds Info: \pdfdraftmode found.
)) (c:/texlive/2024/texmf-dist/tex/latex/hycolor/hycolor.sty
Package: hycolor 2020-01-27 v1.10 Color options for hyperref/bookmark (HO)
) (c:/texlive/2024/texmf-dist/tex/latex/auxhook/auxhook.sty
Package: auxhook 2019-12-17 v1.6 Hooks for auxiliary files (HO)
) (c:/texlive/2024/texmf-dist/tex/latex/hyperref/nameref.sty
Package: nameref 2023-11-26 v2.56 Cross-referencing by name of section
 (c:/texlive/2024/texmf-dist/tex/latex/refcount/refcount.sty
Package: refcount 2019/12/15 v3.6 Data extraction from label references (HO)
) (c:/texlive/2024/texmf-dist/tex/generic/gettitlestring/gettitlestring.sty
Package: gettitlestring 2019/12/15 v1.6 Cleanup title references (HO)
 (c:/texlive/2024/texmf-dist/tex/latex/kvoptions/kvoptions.sty
Package: kvoptions 2022-06-15 v3.15 Key value format for package options (HO)
))
\c@section@level=\count302
) (c:/texlive/2024/texmf-dist/tex/latex/etoolbox/etoolbox.sty
Package: etoolbox 2020/10/05 v2.5k e-TeX tools for LaTeX (JAW)
\etb@tempcnta=\count303
)
\@linkdim=\dimen183
\Hy@linkcounter=\count304
\Hy@pagecounter=\count305
 (c:/texlive/2024/texmf-dist/tex/latex/hyperref/pd1enc.def
File: pd1enc.def 2024-01-20 v7.01h Hyperref: PDFDocEncoding definition (HO)
Now handling font encoding PD1 ...
... no UTF-8 mapping file for font encoding PD1
) (c:/texlive/2024/texmf-dist/tex/generic/intcalc/intcalc.sty
Package: intcalc 2019/12/15 v1.3 Expandable calculations with integers (HO)
)
\Hy@SavedSpaceFactor=\count306
 (c:/texlive/2024/texmf-dist/tex/latex/hyperref/puenc.def
File: puenc.def 2024-01-20 v7.01h Hyperref: PDF Unicode definition (HO)
Now handling font encoding PU ...
... no UTF-8 mapping file for font encoding PU
)
Package hyperref Info: Hyper figures OFF on input line 4179.
Package hyperref Info: Link nesting OFF on input line 4184.
Package hyperref Info: Hyper index ON on input line 4187.
Package hyperref Info: Plain pages OFF on input line 4194.
Package hyperref Info: Backreferencing OFF on input line 4199.
Package hyperref Info: Implicit mode ON; LaTeX internals redefined.
Package hyperref Info: Bookmarks ON on input line 4446.
\c@Hy@tempcnt=\count307
 (c:/texlive/2024/texmf-dist/tex/latex/url/url.sty
\Urlmuskip=\muskip17
Package: url 2013/09/16  ver 3.4  Verb mode for urls, etc.
)
LaTeX Info: Redefining \url on input line 4784.
\XeTeXLinkMargin=\dimen184
 (c:/texlive/2024/texmf-dist/tex/generic/bitset/bitset.sty
Package: bitset 2019/12/09 v1.3 Handle bit-vector datatype (HO)
 (c:/texlive/2024/texmf-dist/tex/generic/bigintcalc/bigintcalc.sty
Package: bigintcalc 2019/12/15 v1.5 Expandable calculations on big integers (HO)
))
\Fld@menulength=\count308
\Field@Width=\dimen185
\Fld@charsize=\dimen186
Package hyperref Info: Hyper figures OFF on input line 6063.
Package hyperref Info: Link nesting OFF on input line 6068.
Package hyperref Info: Hyper index ON on input line 6071.
Package hyperref Info: backreferencing OFF on input line 6078.
Package hyperref Info: Link coloring OFF on input line 6083.
Package hyperref Info: Link coloring with OCG OFF on input line 6088.
Package hyperref Info: PDF/A mode OFF on input line 6093.
 (c:/texlive/2024/texmf-dist/tex/latex/base/atbegshi-ltx.sty
Package: atbegshi-ltx 2021/01/10 v1.0c Emulation of the original atbegshi
package with kernel methods
)
\Hy@abspage=\count309
\c@Item=\count310
\c@Hfootnote=\count311
)
Package hyperref Info: Driver (autodetected): hpdftex.
 (c:/texlive/2024/texmf-dist/tex/latex/hyperref/hpdftex.def
File: hpdftex.def 2024-01-20 v7.01h Hyperref driver for pdfTeX
 (c:/texlive/2024/texmf-dist/tex/latex/base/atveryend-ltx.sty
Package: atveryend-ltx 2020/08/19 v1.0a Emulation of the original atveryend package
with kernel methods
)
\Fld@listcount=\count312
\c@bookmark@seq@number=\count313
 (c:/texlive/2024/texmf-dist/tex/latex/rerunfilecheck/rerunfilecheck.sty
Package: rerunfilecheck 2022-07-10 v1.10 Rerun checks for auxiliary files (HO)
 (c:/texlive/2024/texmf-dist/tex/generic/uniquecounter/uniquecounter.sty
Package: uniquecounter 2019/12/15 v1.4 Provide unlimited unique counter (HO)
)
Package uniquecounter Info: New unique counter `rerunfilecheck' on input line 285.
)
\Hy@SectionHShift=\skip78
)
Package caption Info: Option `declare type' requires the `newfloat' package on input line 51.
 (c:/texlive/2024/texmf-dist/tex/latex/newfloat/newfloat.sty
Package: newfloat 2023/10/01 v1.2 Defining new floating environments (AR)
Package newfloat Info: Unsupported document class, or \@chapter 
(newfloat)             was already redefined by another package.
Package newfloat Info: \@chapter = macro:->\def \Hy@next {\Hy@MakeCurrentHrefAuto {\Hy@chapapp *}\Hy@raisedlink {\hyper@anchorstart {\@currentHref }\hyper@anchorend }}\ifnum \c@secnumdepth >\m@ne \@ifundefined {if@mainmatter}\iftrue {\csname if@mainmatter\endcsname }\let \Hy@next \relax \fi \fi \Hy@next \Hy@org@chapter .
Package newfloat Info: \Hy@org@chapter = macro:[#1]#2->\NR@gettitle {#1}\NR@chapter [{#1}]{#2}.
Package newfloat Info: \algocf@original@chapter = undefined.
)
Package newfloat Info: New float `annexe' with options `' on input line 51.
\c@annexe=\count314
Package newfloat Info: float type `annexe'=4 on input line 51.
Package hyperref Info: Option `colorlinks' set `true' on input line 70.
Package hyperref Info: Option `bookmarksopen' set `true' on input line 70.
 (c:/texlive/2024/texmf-dist/tex/latex/titlesec/titlesec.sty
Package: titlesec 2023/10/27 v2.16 Sectioning titles
\ttl@box=\box106
\beforetitleunit=\skip79
\aftertitleunit=\skip80
\ttl@plus=\dimen187
\ttl@minus=\dimen188
\ttl@toksa=\toks29
\titlewidth=\dimen189
\titlewidthlast=\dimen190
\titlewidthfirst=\dimen191
)
LaTeX Font Info:    Trying to load font information for T1+lmr on input line 100.
 (c:/texlive/2024/texmf-dist/tex/latex/lm/t1lmr.fd
File: t1lmr.fd 2015/05/01 v1.6.1 Font defs for Latin Modern
) (./theseGUILLOT.aux)
\openout1 = `theseGUILLOT.aux'.

LaTeX Font Info:    Checking defaults for OML/cmm/m/it on input line 100.
LaTeX Font Info:    ... okay on input line 100.
LaTeX Font Info:    Checking defaults for OMS/cmsy/m/n on input line 100.
LaTeX Font Info:    ... okay on input line 100.
LaTeX Font Info:    Checking defaults for OT1/cmr/m/n on input line 100.
LaTeX Font Info:    ... okay on input line 100.
LaTeX Font Info:    Checking defaults for T1/cmr/m/n on input line 100.
LaTeX Font Info:    ... okay on input line 100.
LaTeX Font Info:    Checking defaults for TS1/cmr/m/n on input line 100.
LaTeX Font Info:    ... okay on input line 100.
LaTeX Font Info:    Checking defaults for OMX/cmex/m/n on input line 100.
LaTeX Font Info:    ... okay on input line 100.
LaTeX Font Info:    Checking defaults for U/cmr/m/n on input line 100.
LaTeX Font Info:    ... okay on input line 100.
LaTeX Font Info:    Checking defaults for PD1/pdf/m/n on input line 100.
LaTeX Font Info:    ... okay on input line 100.
LaTeX Font Info:    Checking defaults for PU/pdf/m/n on input line 100.
LaTeX Font Info:    ... okay on input line 100.

*geometry* driver: auto-detecting
*geometry* detected driver: pdftex
*geometry* verbose mode - [ preamble ] result:
* driver: pdftex
* paper: a4paper
* layout: <same size as paper>
* layoutoffset:(h,v)=(0.0pt,0.0pt)
* modes: includehead 
* h-part:(L,W,R)=(71.13188pt, 455.24411pt, 71.13188pt)
* v-part:(T,H,B)=(71.13188pt, 702.78308pt, 71.13188pt)
* \paperwidth=597.50787pt
* \paperheight=845.04684pt
* \textwidth=455.24411pt
* \textheight=665.78308pt
* \oddsidemargin=-1.1381pt
* \evensidemargin=-1.1381pt
* \topmargin=-1.1381pt
* \headheight=12.0pt
* \headsep=25.0pt
* \topskip=12.0pt
* \footskip=30.0pt
* \marginparwidth=35.0pt
* \marginparsep=10.0pt
* \columnsep=10.0pt
* \skip\footins=10.8pt plus 4.0pt minus 2.0pt
* \hoffset=0.0pt
* \voffset=0.0pt
* \mag=1000
* \@twocolumnfalse
* \@twosidefalse
* \@mparswitchfalse
* \@reversemarginfalse
* (1in=72.27pt=25.4mm, 1cm=28.453pt)

(c:/texlive/2024/texmf-dist/tex/context/base/mkii/supp-pdf.mkii
[Loading MPS to PDF converter (version 2006.09.02).]
\scratchcounter=\count315
\scratchdimen=\dimen192
\scratchbox=\box107
\nofMPsegments=\count316
\nofMParguments=\count317
\everyMPshowfont=\toks30
\MPscratchCnt=\count318
\MPscratchDim=\dimen193
\MPnumerator=\count319
\makeMPintoPDFobject=\count320
\everyMPtoPDFconversion=\toks31
) (c:/texlive/2024/texmf-dist/tex/latex/epstopdf-pkg/epstopdf-base.sty
Package: epstopdf-base 2020-01-24 v2.11 Base part for package epstopdf
Package epstopdf-base Info: Redefining graphics rule for `.eps' on input line 485.
 (c:/texlive/2024/texmf-dist/tex/latex/latexconfig/epstopdf-sys.cfg
File: epstopdf-sys.cfg 2010/07/13 v1.3 Configuration of (r)epstopdf for TeX Live
))
Package caption Info: Begin \AtBeginDocument code.
Package caption Info: hyperref package is loaded.
Package caption Info: End \AtBeginDocument code.
Package hyperref Info: Link coloring ON on input line 100.
 (./theseGUILLOT.out) (./theseGUILLOT.out)
\@outlinefile=\write3
\openout3 = `theseGUILLOT.out'.

Package newfloat Info: Trying Plan B...
Package newfloat Info: `float' package detected.
 (./couverture.tex
<figures/universite_de_bordeaux.pdf, id=103, 301.125pt x 105.39375pt>
File: figures/universite_de_bordeaux.pdf Graphic file (type pdf)
<use figures/universite_de_bordeaux.pdf>
Package pdftex.def Info: figures/universite_de_bordeaux.pdf  used on input line 5.
(pdftex.def)             Requested size: 91.04742pt x 31.86601pt.
 [1

{c:/texlive/2024/texmf-var/fonts/map/pdftex/updmap/pdftex.map}{c:/texlive/2024/texmf-dist/fonts/enc/dvips/lm/lm-ec.enc} <./figures/universite_de_bordeaux.pdf>]
LaTeX Font Info:    Trying to load font information for OT1+lmr on input line 34.
 (c:/texlive/2024/texmf-dist/tex/latex/lm/ot1lmr.fd
File: ot1lmr.fd 2015/05/01 v1.6.1 Font defs for Latin Modern
)
LaTeX Font Info:    Trying to load font information for OML+lmm on input line 34.
 (c:/texlive/2024/texmf-dist/tex/latex/lm/omllmm.fd
File: omllmm.fd 2015/05/01 v1.6.1 Font defs for Latin Modern
)
LaTeX Font Info:    Trying to load font information for OMS+lmsy on input line 34.
 (c:/texlive/2024/texmf-dist/tex/latex/lm/omslmsy.fd
File: omslmsy.fd 2015/05/01 v1.6.1 Font defs for Latin Modern
)
LaTeX Font Info:    Trying to load font information for OMX+lmex on input line 34.
 (c:/texlive/2024/texmf-dist/tex/latex/lm/omxlmex.fd
File: omxlmex.fd 2015/05/01 v1.6.1 Font defs for Latin Modern
)
LaTeX Font Info:    External font `lmex10' loaded for size
(Font)              <12> on input line 34.
LaTeX Font Info:    External font `lmex10' loaded for size
(Font)              <8> on input line 34.
LaTeX Font Info:    External font `lmex10' loaded for size
(Font)              <6> on input line 34.
LaTeX Font Info:    Trying to load font information for U+msa on input line 34.
 (c:/texlive/2024/texmf-dist/tex/latex/amsfonts/umsa.fd
File: umsa.fd 2013/01/14 v3.01 AMS symbols A
)
LaTeX Font Info:    Trying to load font information for U+msb on input line 34.
 (c:/texlive/2024/texmf-dist/tex/latex/amsfonts/umsb.fd
File: umsb.fd 2013/01/14 v3.01 AMS symbols B
) [2])
pdfTeX warning (ext4): destination with the same identifier (name{page.1}) has been already used, duplicate ignored
<to be read again> 
                   \relax 
l.132 \tableofcontents
                       [1

] (./theseGUILLOT.toc
Overfull \hbox (3.91837pt too wide) in paragraph at lines 10--10
 [][] [][][]\T1/lmr/m/n/12 Choix d'une tech-nolo-gie poly-va-lente avec des am-bi-tions de ro-bustesse 
 []


pdfTeX warning (ext4): destination with the same identifier (name{page.2}) has been already used, duplicate ignored
<to be read again> 
                   \relax 
l.31 ...{\numberline {4}Conclusion}{28}{chapter.4}
                                                  % [2

{c:/texlive/2024/texmf-dist/fonts/enc/dvips/lm/lm-mathit.enc}])
\tf@toc=\write4
\openout4 = `theseGUILLOT.toc'.

 [3] [4

]
Chapter 1.
Package newfloat Info: Setting Plan B file extension to `lof'... on input line 145.
(./Chap1/keskispass.tex [5

]
<figures/FabBulkVsFdsoi.pdf, id=168, 1158.3275pt x 355.3275pt>
File: figures/FabBulkVsFdsoi.pdf Graphic file (type pdf)
<use figures/FabBulkVsFdsoi.pdf>
Package pdftex.def Info: figures/FabBulkVsFdsoi.pdf  used on input line 26.
(pdftex.def)             Requested size: 318.66948pt x 97.7506pt.
 [6] [7 <./figures/FabBulkVsFdsoi.pdf>] [8]
<figures/DoseRateExemple.pdf, id=184, 818.86407pt x 331.31433pt>
File: figures/DoseRateExemple.pdf Graphic file (type pdf)
<use figures/DoseRateExemple.pdf>
Package pdftex.def Info: figures/DoseRateExemple.pdf  used on input line 98.
(pdftex.def)             Requested size: 318.66948pt x 128.934pt.
 [9 <./figures/DoseRateExemple.pdf>]
<figures/SOIvsBULK.pdf, id=193, 1006.40941pt x 423.76636pt>
File: figures/SOIvsBULK.pdf Graphic file (type pdf)
<use figures/SOIvsBULK.pdf>
Package pdftex.def Info: figures/SOIvsBULK.pdf  used on input line 144.
(pdftex.def)             Requested size: 409.71692pt x 172.51675pt.
 [10]
<figures/Vt(Vbb).pdf, id=198, 276.0666pt x 218.50659pt>
File: figures/Vt(Vbb).pdf Graphic file (type pdf)
<use figures/Vt(Vbb).pdf>
Package pdftex.def Info: figures/Vt(Vbb).pdf  used on input line 157.
(pdftex.def)             Requested size: 227.62206pt x 180.16345pt.
 [11 <./figures/SOIvsBULK.pdf> <./figures/Vt(Vbb).pdf

pdfTeX warning: pdflatex.exe (file ./figures/Vt(Vbb).pdf): PDF inclusion: multiple pdfs with page group included in a single page
>]
LaTeX Font Info:    Trying to load font information for TS1+lmr on input line 184.
 (c:/texlive/2024/texmf-dist/tex/latex/lm/ts1lmr.fd
File: ts1lmr.fd 2015/05/01 v1.6.1 Font defs for Latin Modern
)) [12{c:/texlive/2024/texmf-dist/fonts/enc/dvips/lm/lm-ts1.enc}]
Chapter 2.
(./Chap2/diode_antenna.tex [13

]
LaTeX Font Info:    External font `lmex10' loaded for size
(Font)              <14.4> on input line 48.
LaTeX Font Info:    External font `lmex10' loaded for size
(Font)              <10> on input line 48.
LaTeX Font Info:    External font `lmex10' loaded for size
(Font)              <7> on input line 48.


Package hyperref Warning: Token not allowed in a PDF string (Unicode):
(hyperref)                removing `math shift' on input line 48.


Package hyperref Warning: Token not allowed in a PDF string (Unicode):
(hyperref)                removing `subscript' on input line 48.


Package hyperref Warning: Token not allowed in a PDF string (Unicode):
(hyperref)                removing `math shift' on input line 48.

<figures/FabSOI-MiddleEND-2.pdf, id=222, 563.52544pt x 247.90283pt>
File: figures/FabSOI-MiddleEND-2.pdf Graphic file (type pdf)
<use figures/FabSOI-MiddleEND-2.pdf>
Package pdftex.def Info: figures/FabSOI-MiddleEND-2.pdf  used on input line 53.
(pdftex.def)             Requested size: 318.66948pt x 140.19017pt.
[14{c:/texlive/2024/texmf-dist/fonts/enc/dvips/lm/lm-rm.enc}{c:/texlive/2024/texmf-dist/fonts/enc/dvips/lm/lm-mathsy.enc}]
<figures/FabSOI-MiddleEND-3.5.pdf, id=233, 563.52556pt x 309.36783pt>
File: figures/FabSOI-MiddleEND-3.5.pdf Graphic file (type pdf)
<use figures/FabSOI-MiddleEND-3.5.pdf>
Package pdftex.def Info: figures/FabSOI-MiddleEND-3.5.pdf  used on input line 60.
(pdftex.def)             Requested size: 318.66948pt x 174.94891pt.
<figures/FabSOI-MiddleEND-4.pdf, id=234, 563.52556pt x 247.90283pt>
File: figures/FabSOI-MiddleEND-4.pdf Graphic file (type pdf)
<use figures/FabSOI-MiddleEND-4.pdf>
Package pdftex.def Info: figures/FabSOI-MiddleEND-4.pdf  used on input line 68.
(pdftex.def)             Requested size: 318.66948pt x 140.19017pt.
 [15 <./figures/FabSOI-MiddleEND-2.pdf> <./figures/FabSOI-MiddleEND-3.5.pdf

pdfTeX warning: pdflatex.exe (file ./figures/FabSOI-MiddleEND-3.5.pdf): PDF inclusion: multiple pdfs with page group included in a single page
>] [16 <./figures/FabSOI-MiddleEND-4.pdf>] [17]
<figures/BridgingBon.pdf, id=258, 142.5325pt x 31.11626pt>
File: figures/BridgingBon.pdf Graphic file (type pdf)
<use figures/BridgingBon.pdf>
Package pdftex.def Info: figures/BridgingBon.pdf  used on input line 110.
(pdftex.def)             Requested size: 318.66948pt x 69.56885pt.
<figures/BridgingPAD.pdf, id=259, 232.87pt x 71.26625pt>
File: figures/BridgingPAD.pdf Graphic file (type pdf)
<use figures/BridgingPAD.pdf>
Package pdftex.def Info: figures/BridgingPAD.pdf  used on input line 120.
(pdftex.def)             Requested size: 318.66948pt x 97.53409pt.
 [18 <./figures/BridgingBon.pdf> <./figures/BridgingPAD.pdf

pdfTeX warning: pdflatex.exe (file ./figures/BridgingPAD.pdf): PDF inclusion: multiple pdfs with page group included in a single page
>]) (./Chap2/laFDSOI.tex
<../Conf/ICECS2024/ICECS_Voltage_Reference/figures/LVT-NMOS.pdf, id=271, 401.08328pt x 277.44565pt>
File: ../Conf/ICECS2024/ICECS_Voltage_Reference/figures/LVT-NMOS.pdf Graphic file (type pdf)
<use ../Conf/ICECS2024/ICECS_Voltage_Reference/figures/LVT-NMOS.pdf>
Package pdftex.def Info: ../Conf/ICECS2024/ICECS_Voltage_Reference/figures/LVT-NMOS.pdf  used on input line 12.
(pdftex.def)             Requested size: 364.19667pt x 251.93828pt.


LaTeX Warning: Citation `cathelin_fully_2017' on page 19 undefined on input line 13.


LaTeX Warning: Citation `cathelin_fully_2017' on page 19 undefined on input line 13.

[19 <../Conf/ICECS2024/ICECS_Voltage_Reference/figures/LVT-NMOS.pdf>]
<../Conf/ICECS2024/ICECS_Voltage_Reference/figures/Vt(Vbb).pdf, id=280, 276.0666pt x 218.50659pt>
File: ../Conf/ICECS2024/ICECS_Voltage_Reference/figures/Vt(Vbb).pdf Graphic file (type pdf)
<use ../Conf/ICECS2024/ICECS_Voltage_Reference/figures/Vt(Vbb).pdf>
Package pdftex.def Info: ../Conf/ICECS2024/ICECS_Voltage_Reference/figures/Vt(Vbb).pdf  used on input line 22.
(pdftex.def)             Requested size: 318.66948pt x 252.22751pt.
) [20 <../Conf/ICECS2024/ICECS_Voltage_Reference/figures/Vt(Vbb).pdf>]
Chapter 3.
(./Chap3/run_janvier_2024.tex
<../Circuits/RunJanvier2024/Vref50mV.pdf, id=294, 332.24126pt x 515.9275pt>
File: ../Circuits/RunJanvier2024/Vref50mV.pdf Graphic file (type pdf)
<use ../Circuits/RunJanvier2024/Vref50mV.pdf>
Package pdftex.def Info: ../Circuits/RunJanvier2024/Vref50mV.pdf  used on input line 27.
(pdftex.def)             Requested size: 182.09486pt x 282.76907pt.
<../ProjetConditionsExtremes/RapportRenouvellement/PDF/patronPCB.pdf, id=295, 597.50786pt x 845.04686pt>
File: ../ProjetConditionsExtremes/RapportRenouvellement/PDF/patronPCB.pdf Graphic file (type pdf)
<use ../ProjetConditionsExtremes/RapportRenouvellement/PDF/patronPCB.pdf>
Package pdftex.def Info: ../ProjetConditionsExtremes/RapportRenouvellement/PDF/patronPCB.pdf  used on input line 44.
(pdftex.def)             Requested size: 318.66948pt x 450.68367pt.
<../Circuits/PCB_RunJanv2024/3D_PCB_chip.png, id=296, 554.82281pt x 545.78906pt>
File: ../Circuits/PCB_RunJanv2024/3D_PCB_chip.png Graphic file (type png)
<use ../Circuits/PCB_RunJanv2024/3D_PCB_chip.png>
Package pdftex.def Info: ../Circuits/PCB_RunJanv2024/3D_PCB_chip.png  used on input line 51.
(pdftex.def)             Requested size: 318.66948pt x 313.48482pt.
<../ProjetConditionsExtremes/RapportRenouvellement/PDF/protectionESDsurPCB.pdf, id=298, 231.86626pt x 105.39375pt>
File: ../ProjetConditionsExtremes/RapportRenouvellement/PDF/protectionESDsurPCB.pdf Graphic file (type pdf)
<use ../ProjetConditionsExtremes/RapportRenouvellement/PDF/protectionESDsurPCB.pdf>
Package pdftex.def Info: ../ProjetConditionsExtremes/RapportRenouvellement/PDF/protectionESDsurPCB.pdf  used on input line 63.
(pdftex.def)             Requested size: 182.09486pt x 82.77124pt.
<../Circuits/PCB_RunJanv2024/3D_PCB_alims.png, id=299, 688.07062pt x 359.84438pt>
File: ../Circuits/PCB_RunJanv2024/3D_PCB_alims.png Graphic file (type png)
<use ../Circuits/PCB_RunJanv2024/3D_PCB_alims.png>
Package pdftex.def Info: ../Circuits/PCB_RunJanv2024/3D_PCB_alims.png  used on input line 70.
(pdftex.def)             Requested size: 318.66948pt x 166.65602pt.
<../ProjetConditionsExtremes/RapportRenouvellement/PDF/WireBonding_Impala_DIL_24.pdf, id=300, 2504.35625pt x 2767.33875pt>
File: ../ProjetConditionsExtremes/RapportRenouvellement/PDF/WireBonding_Impala_DIL_24.pdf Graphic file (type pdf)
<use ../ProjetConditionsExtremes/RapportRenouvellement/PDF/WireBonding_Impala_DIL_24.pdf>
Package pdftex.def Info: ../ProjetConditionsExtremes/RapportRenouvellement/PDF/WireBonding_Impala_DIL_24.pdf  used on input line 77.
(pdftex.def)             Requested size: 159.33821pt x 176.04076pt.
<../ProjetConditionsExtremes/RapportRenouvellement/PNG/PhotoDIL24Buphagus/IMG_0691.JPG, id=301, 971.3088pt x 728.4816pt>
File: ../ProjetConditionsExtremes/RapportRenouvellement/PNG/PhotoDIL24Buphagus/IMG_0691.JPG Graphic file (type jpg)
<use ../ProjetConditionsExtremes/RapportRenouvellement/PNG/PhotoDIL24Buphagus/IMG_0691.JPG>
Package pdftex.def Info: ../ProjetConditionsExtremes/RapportRenouvellement/PNG/PhotoDIL24Buphagus/IMG_0691.JPG  used on input line 84.
(pdftex.def)             Requested size: 318.66948pt x 238.99908pt.
) (./Chap3/run_octobre_2024.tex
<../Conf/ICECS2024/ICECS_Voltage_Reference/figures/CTAT-PTAT.pdf, id=302, 285.91234pt x 291.07773pt>
File: ../Conf/ICECS2024/ICECS_Voltage_Reference/figures/CTAT-PTAT.pdf Graphic file (type pdf)
<use ../Conf/ICECS2024/ICECS_Voltage_Reference/figures/CTAT-PTAT.pdf>
Package pdftex.def Info: ../Conf/ICECS2024/ICECS_Voltage_Reference/figures/CTAT-PTAT.pdf  used on input line 4.
(pdftex.def)             Requested size: 182.09486pt x 185.38747pt.
<../Conf/ICECS2024/ICECS_Voltage_Reference/figures/PerfectCompensation.pdf, id=303, 276.14967pt x 219.87474pt>
File: ../Conf/ICECS2024/ICECS_Voltage_Reference/figures/PerfectCompensation.pdf Graphic file (type pdf)
<use ../Conf/ICECS2024/ICECS_Voltage_Reference/figures/PerfectCompensation.pdf>
Package pdftex.def Info: ../Conf/ICECS2024/ICECS_Voltage_Reference/figures/PerfectCompensation.pdf  used on input line 10.
(pdftex.def)             Requested size: 182.09486pt x 144.99028pt.
<../Conf/ICECS2024/ICECS_Voltage_Reference/figures/PTATgeneration.pdf, id=304, 265.59477pt x 216.41972pt>
File: ../Conf/ICECS2024/ICECS_Voltage_Reference/figures/PTATgeneration.pdf Graphic file (type pdf)
<use ../Conf/ICECS2024/ICECS_Voltage_Reference/figures/PTATgeneration.pdf>
Package pdftex.def Info: ../Conf/ICECS2024/ICECS_Voltage_Reference/figures/PTATgeneration.pdf  used on input line 16.
(pdftex.def)             Requested size: 182.09486pt x 148.37871pt.
<../Conf/ICECS2024/ICECS_Voltage_Reference/figures/StackedT180nm_With_measure.pdf, id=305, 225.05951pt x 349.31967pt>
File: ../Conf/ICECS2024/ICECS_Voltage_Reference/figures/StackedT180nm_With_measure.pdf Graphic file (type pdf)
<use ../Conf/ICECS2024/ICECS_Voltage_Reference/figures/StackedT180nm_With_measure.pdf>
Package pdftex.def Info: ../Conf/ICECS2024/ICECS_Voltage_Reference/figures/StackedT180nm_With_measure.pdf  used on input line 22.
(pdftex.def)             Requested size: 182.09486pt x 282.64355pt.
<../Conf/ICECS2024/ICECS_Voltage_Reference/figures/Results.pdf, id=306, 276.55228pt x 219.8366pt>
File: ../Conf/ICECS2024/ICECS_Voltage_Reference/figures/Results.pdf Graphic file (type pdf)
<use ../Conf/ICECS2024/ICECS_Voltage_Reference/figures/Results.pdf>
Package pdftex.def Info: ../Conf/ICECS2024/ICECS_Voltage_Reference/figures/Results.pdf  used on input line 28.
(pdftex.def)             Requested size: 182.09486pt x 144.75044pt.
) [21

] [22 <../Circuits/RunJanvier2024/Vref50mV.pdf>] [23 <../ProjetConditionsExtremes/RapportRenouvellement/PDF/patronPCB.pdf>] [24 <../Circuits/PCB_RunJanv2024/3D_PCB_chip.png> <../ProjetConditionsExtremes/RapportRenouvellement/PDF/protectionESDsurPCB.pdf> <../Circuits/PCB_RunJanv2024/3D_PCB_alims.png>] [25 <../ProjetConditionsExtremes/RapportRenouvellement/PDF/WireBonding_Impala_DIL_24.pdf> <../ProjetConditionsExtremes/RapportRenouvellement/PNG/PhotoDIL24Buphagus/IMG_0691.JPG>] [26 <../Conf/ICECS2024/ICECS_Voltage_Reference/figures/CTAT-PTAT.pdf> <../Conf/ICECS2024/ICECS_Voltage_Reference/figures/PerfectCompensation.pdf

pdfTeX warning: pdflatex.exe (file ../Conf/ICECS2024/ICECS_Voltage_Reference/figures/PerfectCompensation.pdf): PDF inclusion: multiple pdfs with page group included in a single page
> <../Conf/ICECS2024/ICECS_Voltage_Reference/figures/PTATgeneration.pdf

pdfTeX warning: pdflatex.exe (file ../Conf/ICECS2024/ICECS_Voltage_Reference/figures/PTATgeneration.pdf): PDF inclusion: multiple pdfs with page group included in a single page
>] [27 <../Conf/ICECS2024/ICECS_Voltage_Reference/figures/StackedT180nm_With_measure.pdf> <../Conf/ICECS2024/ICECS_Voltage_Reference/figures/Results.pdf

pdfTeX warning: pdflatex.exe (file ../Conf/ICECS2024/ICECS_Voltage_Reference/figures/Results.pdf): PDF inclusion: multiple pdfs with page group included in a single page
>]
Chapter 4.
(./4emeDeCouverture.tex [28

]
pdfTeX warning (ext4): destination with the same identifier (name{page.1}) has been already used, duplicate ignored
<to be read again> 
                   \relax 
l.16 \end{titlepage}
                     [1]) (./theseGUILLOT.aux)
 ***********
LaTeX2e <2023-11-01> patch level 1
L3 programming layer <2024-03-14>
 ***********


LaTeX Warning: There were undefined references.

Package rerunfilecheck Info: File `theseGUILLOT.out' has not changed.
(rerunfilecheck)             Checksum: 972C6FA8957EB5AA87A150D5B026862B;5399.
 ) 
Here is how much of TeX's memory you used:
 14426 strings out of 474104
 238605 string characters out of 5747502
 1936496 words of memory out of 5000000
 36431 multiletter control sequences out of 15000+600000
 633555 words of font info for 86 fonts, out of 8000000 for 9000
 1141 hyphenation exceptions out of 8191
 79i,7n,93p,1339b,529s stack positions out of 10000i,1000n,20000p,200000b,200000s
<c:/texlive/2024/texmf-dist/fonts/type1/public/lm/lmbx12.pfb><c:/texlive/2024/texmf-dist/fonts/type1/public/lm/lmbxi10.pfb><c:/texlive/2024/texmf-dist/fonts/type1/public/lm/lmcsc10.pfb><c:/texlive/2024/texmf-dist/fonts/type1/public/lm/lmmi10.pfb><c:/texlive/2024/texmf-dist/fonts/type1/public/lm/lmmi12.pfb><c:/texlive/2024/texmf-dist/fonts/type1/public/lm/lmmi6.pfb><c:/texlive/2024/texmf-dist/fonts/type1/public/lm/lmmi8.pfb><c:/texlive/2024/texmf-dist/fonts/type1/public/lm/lmr12.pfb><c:/texlive/2024/texmf-dist/fonts/type1/public/lm/lmr6.pfb><c:/texlive/2024/texmf-dist/fonts/type1/public/lm/lmr8.pfb><c:/texlive/2024/texmf-dist/fonts/type1/public/lm/lmri12.pfb><c:/texlive/2024/texmf-dist/fonts/type1/public/lm/lmsy10.pfb>
Output written on theseGUILLOT.pdf (31 pages, 4614849 bytes).
PDF statistics:
 516 PDF objects out of 1000 (max. 8388607)
 88 named destinations out of 1000 (max. 500000)
 321 words of extra memory for PDF output out of 10000 (max. 10000000)

